<?xml version="1.0" encoding="UTF-8"?>
<!-- Generated by org.testng.reporters.JUnitXMLReporter -->
<testsuite hostname="Haldar-PC" ignored="0" name="LoginTest" tests="6" failures="0" timestamp="22 Jan 2020 20:12:35 GMT" time="0.099" errors="0">
  <testcase name="Customer_LoginVallid_Details" time="0.019" classname="LoginSuite.CustomerLogin"/>
  <testcase name="Customer_Login_Invallid_Details" time="0.002" classname="LoginSuite.CustomerLogin"/>
  <testcase name="Employee_LoginVallid_Details" time="0.002" classname="LoginSuite.EmployeeLogin"/>
  <testcase name="Employee_Login_Invallid_Details" time="0.002" classname="LoginSuite.EmployeeLogin"/>
  <testcase name="Mobile_Employee_LoginVallid_Details" time="0.001" classname="LoginSuite.EmployeeLogin"/>
  <testcase name="Mobile_Employee_Login_Invallid_Details" time="0.003" classname="LoginSuite.EmployeeLogin"/>
</testsuite> <!-- LoginTest -->
