<?xml version="1.0" encoding="UTF-8"?>
<!-- Generated by org.testng.reporters.JUnitXMLReporter -->
<testsuite hostname="Haldar-PC" ignored="0" name="LocationTest" tests="4" failures="0" timestamp="23 Jan 2020 00:16:42 GMT" time="113.829" errors="0">
  <testcase name="enterPassword" time="0.929" classname="Location.LocationTest"/>
  <testcase name="enterPassword" time="0.154" classname="Location.LocationTest"/>
  <testcase name="enterUserName" time="0.936" classname="Location.LocationTest"/>
  <testcase name="enterUserName" time="0.118" classname="Location.LocationTest"/>
</testsuite> <!-- LocationTest -->
