<?xml version="1.0" encoding="UTF-8"?>
<!-- Generated by org.testng.reporters.JUnitXMLReporter -->
<testsuite hostname="Haldar-PC" ignored="1" name="LoginTest" tests="3" failures="0" timestamp="22 Jan 2020 19:47:15 GMT" time="0.109" errors="0">
  <testcase name="Customer_LoginVallid_Details" time="0.031" classname="LoginSuite.CustomerLogin"/>
  <testcase name="Employee_LoginVallid_Details" time="0.015" classname="LoginSuite.EmployeeLogin"/>
  <testcase name="Employee_Login_Invallid_Details" time="0.0" classname="LoginSuite.EmployeeLogin"/>
  <testcase name="Customer_Login_Invallid_Details" time="0.0" classname="LoginSuite.CustomerLogin">
    <ignored/>
  </testcase> <!-- Customer_Login_Invallid_Details -->
</testsuite> <!-- LoginTest -->
