<?xml version="1.0" encoding="UTF-8"?>
<!-- Generated by org.testng.reporters.JUnitXMLReporter -->
<testsuite hostname="Haldar-PC" ignored="2" name="ProfileTest" tests="2" failures="0" timestamp="22 Jan 2020 20:59:54 GMT" time="0.07" errors="0">
  <testcase name="createProfileCustomer" time="0.007" classname="ProfileSuite.CustomerProfile"/>
  <testcase name="createProfileEmployee" time="0.007" classname="ProfileSuite.EmployeeProfile"/>
  <testcase name="chkProfileCustomer" time="0.0" classname="ProfileSuite.CustomerProfile">
    <ignored/>
  </testcase> <!-- chkProfileCustomer -->
  <testcase name="chkProfileEmployee" time="0.0" classname="ProfileSuite.EmployeeProfile">
    <ignored/>
  </testcase> <!-- chkProfileEmployee -->
</testsuite> <!-- ProfileTest -->
